<?xml version="1.0" encoding="UTF-8"?>
<testsuite name="FirstTest" tests="2" skipped="0" failures="0" errors="0" timestamp="2021-12-26T21:34:13" hostname="LAPTOP-PQR4RLDR" time="21.356">
  <properties/>
  <testcase name="createIssue" classname="FirstTest" time="11.477"/>
  <testcase name="deleteIssue" classname="FirstTest" time="9.148"/>
  <system-out><![CDATA[]]></system-out>
  <system-err><![CDATA[??? 26, 2021 11:34:13 PM com.codeborne.selenide.drivercommands.LazyDriver getAndCheckWebDriver
INFO: No webdriver is bound to current thread: 20 - let's create a new webdriver
Starting ChromeDriver 96.0.4664.45 (76e4c1bb2ab4671b8beba3444e61c0f17584b2fc-refs/branch-heads/4664@{#947}) on port 43917
Only local connections are allowed.
Please see https://chromedriver.chromium.org/security-considerations for suggestions on keeping ChromeDriver safe.
ChromeDriver was started successfully.
??? 26, 2021 11:34:16 PM org.openqa.selenium.remote.ProtocolHandshake createSession
INFO: Detected dialect: W3C
??? 26, 2021 11:34:16 PM com.codeborne.selenide.webdriver.BrowserResizer adjustBrowserSize
INFO: Set browser size to 1366x768
??? 26, 2021 11:34:16 PM com.codeborne.selenide.webdriver.WebDriverFactory logBrowserVersion
INFO: BrowserName=chrome Version=96.0.4664.110 Platform=WINDOWS
??? 26, 2021 11:34:16 PM com.codeborne.selenide.webdriver.WebDriverFactory createWebDriver
INFO: Selenide v. 5.2.3
??? 26, 2021 11:34:16 PM com.codeborne.selenide.webdriver.WebDriverFactory logSeleniumInfo
INFO: Selenium WebDriver v. 3.141.59 build time: 2018-11-14T08:17:03
??? 26, 2021 11:34:16 PM com.codeborne.selenide.drivercommands.CreateDriverCommand createDriver
INFO: Create webdriver in current thread 20: ChromeDriver -> ChromeDriver: chrome on WINDOWS (5949459ed1973c0b67abcd4d8ccdb910)
??? 26, 2021 11:34:25 PM com.codeborne.selenide.drivercommands.CloseDriverCommand run
INFO: Close webdriver: 20 -> ChromeDriver: chrome on WINDOWS (5949459ed1973c0b67abcd4d8ccdb910)
??? 26, 2021 11:34:25 PM com.codeborne.selenide.drivercommands.CloseBrowser run
INFO: Trying to close the browser ChromeDriver ...
??? 26, 2021 11:34:25 PM com.codeborne.selenide.drivercommands.CloseDriverCommand run
INFO: Closed webdriver 20 in 611 ms
??? 26, 2021 11:34:25 PM com.codeborne.selenide.drivercommands.LazyDriver getAndCheckWebDriver
INFO: No webdriver is bound to current thread: 20 - let's create a new webdriver
Starting ChromeDriver 96.0.4664.45 (76e4c1bb2ab4671b8beba3444e61c0f17584b2fc-refs/branch-heads/4664@{#947}) on port 44239
Only local connections are allowed.
Please see https://chromedriver.chromium.org/security-considerations for suggestions on keeping ChromeDriver safe.
ChromeDriver was started successfully.
??? 26, 2021 11:34:27 PM org.openqa.selenium.remote.ProtocolHandshake createSession
INFO: Detected dialect: W3C
??? 26, 2021 11:34:27 PM com.codeborne.selenide.webdriver.BrowserResizer adjustBrowserSize
INFO: Set browser size to 1366x768
??? 26, 2021 11:34:27 PM com.codeborne.selenide.webdriver.WebDriverFactory logBrowserVersion
INFO: BrowserName=chrome Version=96.0.4664.110 Platform=WINDOWS
??? 26, 2021 11:34:27 PM com.codeborne.selenide.webdriver.WebDriverFactory createWebDriver
INFO: Selenide v. 5.2.3
??? 26, 2021 11:34:27 PM com.codeborne.selenide.webdriver.WebDriverFactory logSeleniumInfo
INFO: Selenium WebDriver v. 3.141.59 build time: 2018-11-14T08:17:03
??? 26, 2021 11:34:27 PM com.codeborne.selenide.drivercommands.CreateDriverCommand createDriver
INFO: Create webdriver in current thread 20: ChromeDriver -> ChromeDriver: chrome on WINDOWS (2b16265d6788067a7aa348913d72aab5)
??? 26, 2021 11:34:35 PM com.codeborne.selenide.drivercommands.CloseDriverCommand run
INFO: Close webdriver: 20 -> ChromeDriver: chrome on WINDOWS (2b16265d6788067a7aa348913d72aab5)
??? 26, 2021 11:34:35 PM com.codeborne.selenide.drivercommands.CloseBrowser run
INFO: Trying to close the browser ChromeDriver ...
??? 26, 2021 11:34:35 PM com.codeborne.selenide.drivercommands.CloseDriverCommand run
INFO: Closed webdriver 20 in 623 ms
]]></system-err>
</testsuite>
